0 info it worked if it ends with ok
1 verbose cli [ '/usr/local/bin/node',
1 verbose cli   '/usr/local/lib/node_modules/npm/bin/npm-cli.js',
1 verbose cli   'run-script',
1 verbose cli   'start' ]
2 info using npm@1.4.28
3 info using node@v0.10.35
4 verbose run-script [ 'prestart', 'start', 'poststart' ]
5 info prestart node_server@0.0.0
6 info start node_server@0.0.0
7 verbose unsafe-perm in lifecycle true
8 info node_server@0.0.0 Failed to exec start script
9 error node_server@0.0.0 start: `node ./bin/www`
9 error Exit status 8
10 error Failed at the node_server@0.0.0 start script.
10 error This is most likely a problem with the node_server package,
10 error not with npm itself.
10 error Tell the author that this fails on your system:
10 error     node ./bin/www
10 error You can get their info via:
10 error     npm owner ls node_server
10 error There is likely additional logging output above.
11 error System Darwin 15.3.0
12 error command "/usr/local/bin/node" "/usr/local/lib/node_modules/npm/bin/npm-cli.js" "run-script" "start"
13 error cwd /Users/joshgenao/Documents/Programming/node.js/node_server
14 error node -v v0.10.35
15 error npm -v 1.4.28
16 error code ELIFECYCLE
17 verbose exit [ 1, true ]
